<?xml version="1.0" encoding="UTF-8"?>
<testng-results skipped="3" failed="0" total="3" passed="0">
  <reporter-output>
  </reporter-output>
  <suite name="Suite" duration-ms="17" started-at="2016-11-15T15:31:21Z" finished-at="2016-11-15T15:31:21Z">
    <groups>
    </groups>
    <test name="Test" duration-ms="17" started-at="2016-11-15T15:31:21Z" finished-at="2016-11-15T15:31:21Z">
      <class name="testCases.Test3">
        <test-method status="SKIP" signature="testcase2()[pri:0, instance:testCases.Test3@1209079]" name="testcase2" duration-ms="0" started-at="2016-11-15T21:01:21Z" finished-at="2016-11-15T21:01:21Z">
          <reporter-output>
          </reporter-output>
        </test-method> <!-- testcase2 -->
      </class> <!-- testCases.Test3 -->
      <class name="testCases.Test2">
        <test-method status="SKIP" signature="testcase2()[pri:0, instance:testCases.Test2@17c7260]" name="testcase2" duration-ms="0" started-at="2016-11-15T21:01:21Z" finished-at="2016-11-15T21:01:21Z">
          <reporter-output>
          </reporter-output>
        </test-method> <!-- testcase2 -->
      </class> <!-- testCases.Test2 -->
      <class name="testCases.Test1">
        <test-method status="SKIP" signature="testcase1()[pri:0, instance:testCases.Test1@10375b3]" name="testcase1" duration-ms="0" started-at="2016-11-15T21:01:21Z" finished-at="2016-11-15T21:01:21Z">
          <reporter-output>
          </reporter-output>
        </test-method> <!-- testcase1 -->
      </class> <!-- testCases.Test1 -->
      <class name="testCases.OpenAndCloseBrowser">
        <test-method status="FAIL" signature="bsuite()[pri:0, instance:testCases.OpenAndCloseBrowser@9a8472]" name="bsuite" is-config="true" duration-ms="0" started-at="2016-11-15T21:01:21Z" finished-at="2016-11-15T21:01:21Z">
          <exception class="java.io.FileNotFoundException">
            <message>
              <![CDATA[D:\Oracle26thTo30th\PageObjectModel\src\config\Or.Properties (The system cannot find the path specified)]]>
            </message>
            <full-stacktrace>
              <![CDATA[java.io.FileNotFoundException: D:\Oracle26thTo30th\PageObjectModel\src\config\Or.Properties (The system cannot find the path specified)
	at java.io.FileInputStream.open(Native Method)
	at java.io.FileInputStream.<init>(Unknown Source)
	at java.io.FileInputStream.<init>(Unknown Source)
	at base.TestBase.initialization(TestBase.java:27)
	at testCases.OpenAndCloseBrowser.bsuite(OpenAndCloseBrowser.java:11)
	at sun.reflect.NativeMethodAccessorImpl.invoke0(Native Method)
	at sun.reflect.NativeMethodAccessorImpl.invoke(Unknown Source)
	at sun.reflect.DelegatingMethodAccessorImpl.invoke(Unknown Source)
	at java.lang.reflect.Method.invoke(Unknown Source)
	at org.testng.internal.MethodInvocationHelper.invokeMethod(MethodInvocationHelper.java:86)
	at org.testng.internal.Invoker.invokeConfigurationMethod(Invoker.java:514)
	at org.testng.internal.Invoker.invokeConfigurations(Invoker.java:215)
	at org.testng.internal.Invoker.invokeConfigurations(Invoker.java:142)
	at org.testng.SuiteRunner.privateRun(SuiteRunner.java:305)
	at org.testng.SuiteRunner.run(SuiteRunner.java:268)
	at org.testng.SuiteRunnerWorker.runSuite(SuiteRunnerWorker.java:52)
	at org.testng.SuiteRunnerWorker.run(SuiteRunnerWorker.java:86)
	at org.testng.TestNG.runSuitesSequentially(TestNG.java:1244)
	at org.testng.TestNG.runSuitesLocally(TestNG.java:1169)
	at org.testng.TestNG.run(TestNG.java:1064)
	at org.testng.remote.RemoteTestNG.run(RemoteTestNG.java:113)
	at org.testng.remote.RemoteTestNG.initAndRun(RemoteTestNG.java:206)
	at org.testng.remote.RemoteTestNG.main(RemoteTestNG.java:177)
]]>
            </full-stacktrace>
          </exception> <!-- java.io.FileNotFoundException -->
          <reporter-output>
          </reporter-output>
        </test-method> <!-- bsuite -->
        <test-method status="SKIP" signature="asuite()[pri:0, instance:testCases.OpenAndCloseBrowser@9a8472]" name="asuite" is-config="true" duration-ms="0" started-at="2016-11-15T21:01:21Z" finished-at="2016-11-15T21:01:21Z">
          <reporter-output>
          </reporter-output>
        </test-method> <!-- asuite -->
      </class> <!-- testCases.OpenAndCloseBrowser -->
    </test> <!-- Test -->
  </suite> <!-- Suite -->
</testng-results>
