<?xml version="1.0" encoding="UTF-8"?>
<!-- Generated by org.testng.reporters.JUnitXMLReporter -->
<testsuite hostname="sagar" name="Test" tests="3" failures="0" timestamp="15 Nov 2016 15:31:21 GMT" time="0.017" errors="0">
  <testcase name="@BeforeSuite bsuite" time="0.0" classname="testCases.OpenAndCloseBrowser">
    <failure type="java.io.FileNotFoundException" message="D:\Oracle26thTo30th\PageObjectModel\src\config\Or.Properties (The system cannot find the path specified)">
      <![CDATA[java.io.FileNotFoundException: D:\Oracle26thTo30th\PageObjectModel\src\config\Or.Properties (The system cannot find the path specified)
	at java.io.FileInputStream.open(Native Method)
	at java.io.FileInputStream.<init>(Unknown Source)
	at java.io.FileInputStream.<init>(Unknown Source)
	at base.TestBase.initialization(TestBase.java:27)
	at testCases.OpenAndCloseBrowser.bsuite(OpenAndCloseBrowser.java:11)
... Removed 18 stack frames]]>
    </failure>
  </testcase> <!-- @BeforeSuite bsuite -->
  <testcase name="testcase1" time="0.0" classname="testCases.Test1">
    <skipped/>
  </testcase> <!-- testcase1 -->
  <testcase name="testcase2" time="0.0" classname="testCases.Test2">
    <skipped/>
  </testcase> <!-- testcase2 -->
  <testcase name="testcase2" time="0.0" classname="testCases.Test3">
    <skipped/>
  </testcase> <!-- testcase2 -->
</testsuite> <!-- Test -->
